Performing C SOURCE FILE Test FEATURE_ssse3_NOFLAG failed with the following output:
Change Dir: C:/Users/kissm/source/repos/xmrig/build/build64/CMakeFiles/CMakeTmp

Run Build Command(s):C:/msys64/usr/bin/make.exe -f Makefile cmTC_9b1a7/fast && /usr/bin/make  -f CMakeFiles/cmTC_9b1a7.dir/build.make CMakeFiles/cmTC_9b1a7.dir/build
make[1]: Entering directory '/c/Users/kissm/source/repos/xmrig/build/build64/CMakeFiles/CMakeTmp'
Building C object CMakeFiles/cmTC_9b1a7.dir/src.c.obj
C:/msys64/mingw64/bin/cc.exe -DFEATURE_ssse3_NOFLAG  -Wall -Wno-strict-aliasing -maes  -o CMakeFiles/cmTC_9b1a7.dir/src.c.obj -c C:/Users/kissm/source/repos/xmrig/build/build64/CMakeFiles/CMakeTmp/src.c
In file included from C:/msys64/mingw64/lib/gcc/x86_64-w64-mingw32/10.3.0/include/immintrin.h:35,
                 from C:/msys64/mingw64/lib/gcc/x86_64-w64-mingw32/10.3.0/include/x86intrin.h:32,
                 from C:/Users/kissm/source/repos/xmrig/build/build64/CMakeFiles/CMakeTmp/src.c:1:
C:/Users/kissm/source/repos/xmrig/build/build64/CMakeFiles/CMakeTmp/src.c: In function 'function_ssse3':
C:/msys64/mingw64/lib/gcc/x86_64-w64-mingw32/10.3.0/include/tmmintrin.h:136:1: error: inlining failed in call to 'always_inline' '_mm_shuffle_epi8': target specific option mismatch
  136 | _mm_shuffle_epi8 (__m128i __X, __m128i __Y)
      | ^~~~~~~~~~~~~~~~
C:/Users/kissm/source/repos/xmrig/build/build64/CMakeFiles/CMakeTmp/src.c:5:12: note: called from here
    5 |     *dst = _mm_shuffle_epi8(*a, *b);
      |            ^~~~~~~~~~~~~~~~~~~~~~~~
make[1]: *** [CMakeFiles/cmTC_9b1a7.dir/build.make:78: CMakeFiles/cmTC_9b1a7.dir/src.c.obj] Error 1
make[1]: Leaving directory '/c/Users/kissm/source/repos/xmrig/build/build64/CMakeFiles/CMakeTmp'
make: *** [Makefile:127: cmTC_9b1a7/fast] Error 2


Source file was:
#include <x86intrin.h>

void function_ssse3(__m128i *dst, const __m128i *a, const __m128i *b)
{
    *dst = _mm_shuffle_epi8(*a, *b);
}

int main(void) { return 0; }

Performing C SOURCE FILE Test FEATURE_xop_NOFLAG failed with the following output:
Change Dir: C:/Users/kissm/source/repos/xmrig/build/build64/CMakeFiles/CMakeTmp

Run Build Command(s):C:/msys64/usr/bin/make.exe -f Makefile cmTC_45e07/fast && /usr/bin/make  -f CMakeFiles/cmTC_45e07.dir/build.make CMakeFiles/cmTC_45e07.dir/build
make[1]: Entering directory '/c/Users/kissm/source/repos/xmrig/build/build64/CMakeFiles/CMakeTmp'
Building C object CMakeFiles/cmTC_45e07.dir/src.c.obj
C:/msys64/mingw64/bin/cc.exe -DFEATURE_xop_NOFLAG  -Wall -Wno-strict-aliasing -maes  -o CMakeFiles/cmTC_45e07.dir/src.c.obj -c C:/Users/kissm/source/repos/xmrig/build/build64/CMakeFiles/CMakeTmp/src.c
In file included from C:/msys64/mingw64/lib/gcc/x86_64-w64-mingw32/10.3.0/include/x86intrin.h:38,
                 from C:/Users/kissm/source/repos/xmrig/build/build64/CMakeFiles/CMakeTmp/src.c:1:
C:/Users/kissm/source/repos/xmrig/build/build64/CMakeFiles/CMakeTmp/src.c: In function 'function_xop':
C:/Users/kissm/source/repos/xmrig/build/build64/CMakeFiles/CMakeTmp/src.c:5:12: error: '__builtin_ia32_vprotqi' needs isa option -mxop
    5 |     *dst = _mm_roti_epi64(*a, b);
      |            ^~~~~~~~~~~~~~
make[1]: *** [CMakeFiles/cmTC_45e07.dir/build.make:78: CMakeFiles/cmTC_45e07.dir/src.c.obj] Error 1
make[1]: Leaving directory '/c/Users/kissm/source/repos/xmrig/build/build64/CMakeFiles/CMakeTmp'
make: *** [Makefile:127: cmTC_45e07/fast] Error 2


Source file was:
#include <x86intrin.h>

void function_xop(__m128i *dst, const __m128i *a, int b)
{
    *dst = _mm_roti_epi64(*a, b);
}

int main(void) { return 0; }

Performing C SOURCE FILE Test FEATURE_avx2_NOFLAG failed with the following output:
Change Dir: C:/Users/kissm/source/repos/xmrig/build/build64/CMakeFiles/CMakeTmp

Run Build Command(s):C:/msys64/usr/bin/make.exe -f Makefile cmTC_51912/fast && /usr/bin/make  -f CMakeFiles/cmTC_51912.dir/build.make CMakeFiles/cmTC_51912.dir/build
make[1]: Entering directory '/c/Users/kissm/source/repos/xmrig/build/build64/CMakeFiles/CMakeTmp'
Building C object CMakeFiles/cmTC_51912.dir/src.c.obj
C:/msys64/mingw64/bin/cc.exe -DFEATURE_avx2_NOFLAG  -Wall -Wno-strict-aliasing -maes  -o CMakeFiles/cmTC_51912.dir/src.c.obj -c C:/Users/kissm/source/repos/xmrig/build/build64/CMakeFiles/CMakeTmp/src.c
C:/Users/kissm/source/repos/xmrig/build/build64/CMakeFiles/CMakeTmp/src.c: In function 'function_avx2':
C:/Users/kissm/source/repos/xmrig/build/build64/CMakeFiles/CMakeTmp/src.c:5:10: warning: AVX vector return without AVX enabled changes the ABI [-Wpsabi]
    5 |     *dst = _mm256_xor_si256(*a, *b);
      |     ~~~~~^~~~~~~~~~~~~~~~~~~~~~~~~~
In file included from C:/msys64/mingw64/lib/gcc/x86_64-w64-mingw32/10.3.0/include/immintrin.h:53,
                 from C:/msys64/mingw64/lib/gcc/x86_64-w64-mingw32/10.3.0/include/x86intrin.h:32,
                 from C:/Users/kissm/source/repos/xmrig/build/build64/CMakeFiles/CMakeTmp/src.c:1:
C:/msys64/mingw64/lib/gcc/x86_64-w64-mingw32/10.3.0/include/avx2intrin.h:913:1: error: inlining failed in call to 'always_inline' '_mm256_xor_si256': target specific option mismatch
  913 | _mm256_xor_si256 (__m256i __A, __m256i __B)
      | ^~~~~~~~~~~~~~~~
C:/Users/kissm/source/repos/xmrig/build/build64/CMakeFiles/CMakeTmp/src.c:5:12: note: called from here
    5 |     *dst = _mm256_xor_si256(*a, *b);
      |            ^~~~~~~~~~~~~~~~~~~~~~~~
make[1]: *** [CMakeFiles/cmTC_51912.dir/build.make:78: CMakeFiles/cmTC_51912.dir/src.c.obj] Error 1
make[1]: Leaving directory '/c/Users/kissm/source/repos/xmrig/build/build64/CMakeFiles/CMakeTmp'
make: *** [Makefile:127: cmTC_51912/fast] Error 2


Source file was:
#include <x86intrin.h>

void function_avx2(__m256i *dst, const __m256i *a, const __m256i *b)
{
    *dst = _mm256_xor_si256(*a, *b);
}

int main(void) { return 0; }

Performing C SOURCE FILE Test FEATURE_avx512f_NOFLAG failed with the following output:
Change Dir: C:/Users/kissm/source/repos/xmrig/build/build64/CMakeFiles/CMakeTmp

Run Build Command(s):C:/msys64/usr/bin/make.exe -f Makefile cmTC_a13fe/fast && /usr/bin/make  -f CMakeFiles/cmTC_a13fe.dir/build.make CMakeFiles/cmTC_a13fe.dir/build
make[1]: Entering directory '/c/Users/kissm/source/repos/xmrig/build/build64/CMakeFiles/CMakeTmp'
Building C object CMakeFiles/cmTC_a13fe.dir/src.c.obj
C:/msys64/mingw64/bin/cc.exe -DFEATURE_avx512f_NOFLAG  -Wall -Wno-strict-aliasing -maes  -o CMakeFiles/cmTC_a13fe.dir/src.c.obj -c C:/Users/kissm/source/repos/xmrig/build/build64/CMakeFiles/CMakeTmp/src.c
In file included from C:/msys64/mingw64/lib/gcc/x86_64-w64-mingw32/10.3.0/include/immintrin.h:55,
                 from C:/msys64/mingw64/lib/gcc/x86_64-w64-mingw32/10.3.0/include/x86intrin.h:32,
                 from C:/Users/kissm/source/repos/xmrig/build/build64/CMakeFiles/CMakeTmp/src.c:1:
C:/Users/kissm/source/repos/xmrig/build/build64/CMakeFiles/CMakeTmp/src.c: In function 'function_avx512f':
C:/msys64/mingw64/lib/gcc/x86_64-w64-mingw32/10.3.0/include/avx512fintrin.h:204:1: error: inlining failed in call to 'always_inline' '_mm512_undefined_epi32': target specific option mismatch
  204 | _mm512_undefined_epi32 (void)
      | ^~~~~~~~~~~~~~~~~~~~~~
C:/Users/kissm/source/repos/xmrig/build/build64/CMakeFiles/CMakeTmp/src.c:5:12: note: called from here
    5 |     *dst = _mm512_ror_epi64(*a, 57);
      |            ^~~~~~~~~~~~~~~~
make[1]: *** [CMakeFiles/cmTC_a13fe.dir/build.make:78: CMakeFiles/cmTC_a13fe.dir/src.c.obj] Error 1
make[1]: Leaving directory '/c/Users/kissm/source/repos/xmrig/build/build64/CMakeFiles/CMakeTmp'
make: *** [Makefile:127: cmTC_a13fe/fast] Error 2


Source file was:
#include <x86intrin.h>

void function_avx512f(__m512i *dst, const __m512i *a)
{
    *dst = _mm512_ror_epi64(*a, 57);
}

int main(void) { return 0; }

